<html>
<body>
<pre>
<h1>µVision Build Log</h1>
<h2>Tool Versions:</h2>
IDE-Version: ¦ÌVision V5.24.2.0
Copyright (C) 2017 ARM Ltd and ARM Germany GmbH. All rights reserved.
License Information: 1 qikuan, 1, LIC=SDA0P-MUMJB-30HNC-76F7D-ZKPDV-NKB1N
 
Tool Versions:
Toolchain:       MDK-ARM Plus  Version: 5.24.1
Toolchain Path:  C:\Keil_v5\ARM\ARMCC\Bin
C Compiler:      Armcc.exe V5.06 update 5 (build 528)
Assembler:       Armasm.exe V5.06 update 5 (build 528)
Linker/Locator:  ArmLink.exe V5.06 update 5 (build 528)
Library Manager: ArmAr.exe V5.06 update 5 (build 528)
Hex Converter:   FromElf.exe V5.06 update 5 (build 528)
CPU DLL:         SARMCM3.DLL V5.24.1
Dialog DLL:      DCM.DLL V1.16.0.0
Target DLL:      CMSIS_AGDI.dll V1.28.3.0
Dialog DLL:      TCM.DLL V1.32.0.0
 
<h2>Project:</h2>
D:\project\stm32\Motion control card\MDK-ARM\Motion control card.uvprojx
Project File Date:  06/21/2025

<h2>Output:</h2>
*** Using Compiler 'V5.06 update 5 (build 528)', folder: 'C:\Keil_v5\ARM\ARMCC\Bin'
Build target 'Motion control card'
assembling startup_stm32f103xe.s...
compiling main.c...
../Hardware/H_Tmc2209.h(36): warning:  #1295-D: Deprecated declaration Motor1_GetStep - give arg types
  uint16_t Motor1_GetStep();
../Hardware/H_Tmc2209.h(37): warning:  #1295-D: Deprecated declaration Motor2_GetStep - give arg types
  uint16_t Motor2_GetStep();
../Hardware/H_Tmc2209.h(38): warning:  #1295-D: Deprecated declaration Motor3_GetStep - give arg types
  uint16_t Motor3_GetStep();
../Hardware/H_Tmc2209.h(39): warning:  #1-D: last line of file ends without a newline
  #endif
../Applications/control.h(6): warning:  #1-D: last line of file ends without a newline
  #endif /* __CONTROL_H */
../Hardware/led.h(6): warning:  #1-D: last line of file ends without a newline
  #endif // !_LED_H
../Core/Src/main.c(111): warning:  #188-D: enumerated type mixed with another type
    Motor_SetSpeed(1,1,1,200);
../Core/Src/main.c(122): warning:  #188-D: enumerated type mixed with another type
      HAL_GPIO_WritePin(
PIOA,
PIO_PIN_2,SET);
../Core/Src/main.c(167): warning:  #9-D: nested comment is not allowed
  /* USER CODE BEGIN 4 */
../Core/Src/main.c(176): error:  #65: expected a ";"
  {
../Core/Src/main.c(201): warning: At end of source:  #12-D: parsing restarts here after previous syntax error
../Core/Src/main.c(138): warning:  #177-D: variable "RCC_ClkInitStruct"  was declared but never referenced
     * in the RCC_OscInitTypeDef structure.
../Core/Src/main.c(201): error: At end of source:  #67: expected a "}"
../Core/Src/main.c: 12 warnings, 2 errors
